{
  "RSpec": {
    "coverage": {
      "/Users/neilhendren/Documents/advice_bot/app/controllers/api/v0/advice_controller.rb": {
        "lines": [
          1,
          null,
          1,
          1,
          1,
          1,
          1,
          1,
          1,
          null,
          null
        ]
      },
      "/Users/neilhendren/Documents/advice_bot/app/controllers/application_controller.rb": {
        "lines": [
          1,
          null
        ]
      }
    },
    "timestamp": 1731342847
  }
}
